<?xml version="1.0" encoding="UTF-8"?>
<!-- Generated by org.testng.reporters.JUnitReportReporter -->
<testsuite hostname="LTIN201348" failures="0" tests="8" name="testCases.Testcase" time="86.295" errors="0" timestamp="2024-03-04T10:59:11 IST" skipped="0">
  <testcase classname="testCases.Testcase" name="pagevalidation" time="9.991"/>
  <testcase classname="testCases.Testcase" name="displaybikedata" time="1.934"/>
  <testcase classname="testCases.Testcase" name="displayusedcars" time="48.244"/>
  <testcase classname="testCases.Testcase" name="printcarsexcel" time="10.397"/>
  <testcase classname="testCases.Testcase" name="returntomainpage" time="5.977"/>
  <testcase classname="testCases.Testcase" name="clickonlogin" time="0.968"/>
  <testcase classname="testCases.Testcase" name="clickgoogle" time="0.984"/>
  <testcase classname="testCases.Testcase" name="errormessage" time="7.800"/>
</testsuite> <!-- testCases.Testcase -->
